number,value,datetime_start,datetime_complete,duration,params_svc_C,state
171,0.32093827160493826,2022-09-19 09:15:06.860920,2022-09-19 10:03:39.964061,0 days 00:48:33.103141,6.768539361346263,COMPLETE
172,0.3210205761316872,2022-09-19 09:21:52.673591,2022-09-19 10:12:02.820384,0 days 00:50:10.146793,6.135049103942442,COMPLETE
173,0.32612345679012344,2022-09-19 09:27:57.309026,2022-09-19 10:17:36.599225,0 days 00:49:39.290199,1.7847681108852138,COMPLETE
174,0.32536625514403295,2022-09-19 09:31:32.909499,2022-09-19 10:20:44.175462,0 days 00:49:11.265963,1.94977062026063,COMPLETE
175,0.32651851851851854,2022-09-19 09:32:11.769816,2022-09-19 10:21:13.496158,0 days 00:49:01.726342,1.7228347204882695,COMPLETE
176,0.326156378600823,2022-09-19 09:44:40.731527,2022-09-19 10:34:54.463048,0 days 00:50:13.731521,1.7776671552739278,COMPLETE
177,0.32666666666666666,2022-09-19 09:47:24.989106,2022-09-19 10:37:38.212137,0 days 00:50:13.223031,1.6692497972102331,COMPLETE
178,0.3207078189300412,2022-09-19 10:03:40.148803,2022-09-19 10:54:31.239333,0 days 00:50:51.090530,12.282005594526511,COMPLETE
179,0.32059259259259254,2022-09-19 10:09:46.639629,2022-09-19 11:00:34.206086,0 days 00:50:47.566457,13.930289801803005,COMPLETE
180,0.32074074074074077,2022-09-19 10:12:03.002904,2022-09-19 11:03:34.766505,0 days 00:51:31.763601,14.443022723434273,COMPLETE
181,0.32057613168724275,2022-09-19 10:17:36.735920,2022-09-19 11:08:44.623387,0 days 00:51:07.887467,13.967656032579615,COMPLETE
182,0.320724279835391,2022-09-19 10:20:44.395607,2022-09-19 11:11:10.810224,0 days 00:50:26.414617,14.503817176658304,COMPLETE
183,0.320641975308642,2022-09-19 10:21:13.603246,2022-09-19 11:11:26.783043,0 days 00:50:13.179797,13.574645010905995,COMPLETE
184,0.320724279835391,2022-09-19 10:34:54.646197,2022-09-19 11:25:32.999756,0 days 00:50:38.353559,14.631947326216284,COMPLETE
185,0.32055967078189296,2022-09-19 10:37:38.351689,2022-09-19 11:28:24.754732,0 days 00:50:46.403043,12.71235221488007,COMPLETE
186,0.320641975308642,2022-09-19 10:54:31.387535,2022-09-19 11:45:05.723256,0 days 00:50:34.335721,16.488445770160837,COMPLETE
187,0.3205267489711934,2022-09-19 11:00:34.419244,2022-09-19 11:51:20.845457,0 days 00:50:46.426213,15.856975429552296,COMPLETE
188,0.3206748971193416,2022-09-19 11:03:34.975221,2022-09-19 11:55:01.250189,0 days 00:51:26.274968,14.895338006489464,COMPLETE
189,0.32154732510288064,2022-09-19 11:08:44.766797,2022-09-19 11:59:21.465239,0 days 00:50:36.698442,4.415512634306842,COMPLETE
190,0.32149794238683127,2022-09-19 11:11:10.944362,2022-09-19 12:01:23.627879,0 days 00:50:12.683517,4.448951332439948,COMPLETE
191,0.32080658436213993,2022-09-19 11:11:26.993517,2022-09-19 12:01:35.980248,0 days 00:50:08.986731,8.41142809298067,COMPLETE
192,0.32156378600823043,2022-09-19 11:25:33.181400,2022-09-19 12:16:11.292722,0 days 00:50:38.111322,4.406906603212159,COMPLETE
193,0.3214650205761317,2022-09-19 11:28:24.912882,2022-09-19 12:18:26.824181,0 days 00:50:01.911299,5.0037867481273635,COMPLETE
194,0.3214650205761317,2022-09-19 11:45:05.916973,2022-09-19 12:30:38.332914,0 days 00:45:32.415941,4.481806522546387,COMPLETE
195,0.32156378600823043,2022-09-19 11:51:21.004987,2022-09-19 12:35:04.346914,0 days 00:43:43.341927,4.407066501566454,COMPLETE
196,0.32149794238683127,2022-09-19 11:55:01.497098,2022-09-19 12:37:32.031621,0 days 00:42:30.534523,4.726414437385631,COMPLETE
197,0.3208559670781893,2022-09-19 11:59:21.685843,2022-09-19 12:39:24.779886,0 days 00:40:03.094043,8.190993458149407,COMPLETE
198,0.3209053497942387,2022-09-19 12:01:23.785767,2022-09-19 12:40:20.381230,0 days 00:38:56.595463,8.013745883158423,COMPLETE
199,0.3208395061728395,2022-09-19 12:01:36.228094,2022-09-19 12:40:25.904231,0 days 00:38:49.676137,8.667295836119077,COMPLETE
